<?xml version="1.0" encoding="UTF-8"?>
<testsuite xmlns:xsi="http://www.w3.org/2001/XMLSchema-instance" xsi:noNamespaceSchemaLocation="https://maven.apache.org/surefire/maven-surefire-plugin/xsd/surefire-test-report-3.0.xsd" version="3.0" name="TestSuite" time="36.223" tests="5" errors="0" skipped="0" failures="0">
  <properties>
    <property name="awt.toolkit" value="sun.lwawt.macosx.LWCToolkit"/>
    <property name="java.specification.version" value="12"/>
    <property name="sun.jnu.encoding" value="UTF-8"/>
    <property name="java.class.path" value="/Users/priyankachaturvedi/eclipse-workspace/testworkspace/BizongoTestAutomation/target/test-classes:/Users/priyankachaturvedi/eclipse-workspace/testworkspace/BizongoTestAutomation/target/classes:/Users/priyankachaturvedi/.m2/repository/org/seleniumhq/selenium/selenium-server/3.14.0/selenium-server-3.14.0.jar:/Users/priyankachaturvedi/.m2/repository/org/seleniumhq/selenium/selenium-java/3.14.0/selenium-java-3.14.0.jar:/Users/priyankachaturvedi/.m2/repository/org/seleniumhq/selenium/selenium-api/3.14.0/selenium-api-3.14.0.jar:/Users/priyankachaturvedi/.m2/repository/org/seleniumhq/selenium/selenium-edge-driver/3.14.0/selenium-edge-driver-3.14.0.jar:/Users/priyankachaturvedi/.m2/repository/org/seleniumhq/selenium/selenium-firefox-driver/3.14.0/selenium-firefox-driver-3.14.0.jar:/Users/priyankachaturvedi/.m2/repository/org/seleniumhq/selenium/selenium-ie-driver/3.14.0/selenium-ie-driver-3.14.0.jar:/Users/priyankachaturvedi/.m2/repository/org/seleniumhq/selenium/selenium-opera-driver/3.14.0/selenium-opera-driver-3.14.0.jar:/Users/priyankachaturvedi/.m2/repository/org/seleniumhq/selenium/selenium-remote-driver/3.14.0/selenium-remote-driver-3.14.0.jar:/Users/priyankachaturvedi/.m2/repository/org/seleniumhq/selenium/selenium-safari-driver/3.14.0/selenium-safari-driver-3.14.0.jar:/Users/priyankachaturvedi/.m2/repository/org/seleniumhq/selenium/selenium-support/3.14.0/selenium-support-3.14.0.jar:/Users/priyankachaturvedi/.m2/repository/com/beust/jcommander/1.72/jcommander-1.72.jar:/Users/priyankachaturvedi/.m2/repository/net/bytebuddy/byte-buddy/1.8.15/byte-buddy-1.8.15.jar:/Users/priyankachaturvedi/.m2/repository/org/apache/commons/commons-exec/1.3/commons-exec-1.3.jar:/Users/priyankachaturvedi/.m2/repository/org/apache/commons/commons-lang3/3.7/commons-lang3-3.7.jar:/Users/priyankachaturvedi/.m2/repository/org/apache/commons/commons-text/1.1/commons-text-1.1.jar:/Users/priyankachaturvedi/.m2/repository/commons-codec/commons-codec/1.10/commons-codec-1.10.jar:/Users/priyankachaturvedi/.m2/repository/commons-io/commons-io/2.6/commons-io-2.6.jar:/Users/priyankachaturvedi/.m2/repository/commons-logging/commons-logging/1.2/commons-logging-1.2.jar:/Users/priyankachaturvedi/.m2/repository/commons-net/commons-net/3.6/commons-net-3.6.jar:/Users/priyankachaturvedi/.m2/repository/com/google/guava/guava/25.0-jre/guava-25.0-jre.jar:/Users/priyankachaturvedi/.m2/repository/com/google/code/findbugs/jsr305/1.3.9/jsr305-1.3.9.jar:/Users/priyankachaturvedi/.m2/repository/org/checkerframework/checker-compat-qual/2.0.0/checker-compat-qual-2.0.0.jar:/Users/priyankachaturvedi/.m2/repository/com/google/errorprone/error_prone_annotations/2.1.3/error_prone_annotations-2.1.3.jar:/Users/priyankachaturvedi/.m2/repository/com/google/j2objc/j2objc-annotations/1.1/j2objc-annotations-1.1.jar:/Users/priyankachaturvedi/.m2/repository/org/codehaus/mojo/animal-sniffer-annotations/1.14/animal-sniffer-annotations-1.14.jar:/Users/priyankachaturvedi/.m2/repository/net/sourceforge/htmlunit/htmlunit/2.30/htmlunit-2.30.jar:/Users/priyankachaturvedi/.m2/repository/net/sourceforge/htmlunit/htmlunit-core-js/2.28/htmlunit-core-js-2.28.jar:/Users/priyankachaturvedi/.m2/repository/net/sourceforge/htmlunit/htmlunit-cssparser/1.0.0/htmlunit-cssparser-1.0.0.jar:/Users/priyankachaturvedi/.m2/repository/net/sourceforge/htmlunit/neko-htmlunit/2.30/neko-htmlunit-2.30.jar:/Users/priyankachaturvedi/.m2/repository/org/apache/httpcomponents/httpclient/4.5.5/httpclient-4.5.5.jar:/Users/priyankachaturvedi/.m2/repository/org/apache/httpcomponents/httpcore/4.4.9/httpcore-4.4.9.jar:/Users/priyankachaturvedi/.m2/repository/org/apache/httpcomponents/httpmime/4.5.5/httpmime-4.5.5.jar:/Users/priyankachaturvedi/.m2/repository/net/jcip/jcip-annotations/1.0/jcip-annotations-1.0.jar:/Users/priyankachaturvedi/.m2/repository/org/seleniumhq/selenium/jetty-repacked/9.4.8.v20180619/jetty-repacked-9.4.8.v20180619.jar:/Users/priyankachaturvedi/.m2/repository/org/eclipse/jetty/jetty-client/9.4.8.v20180619/jetty-client-9.4.8.v20180619.jar:/Users/priyankachaturvedi/.m2/repository/org/eclipse/jetty/jetty-http/9.4.8.v20180619/jetty-http-9.4.8.v20180619.jar:/Users/priyankachaturvedi/.m2/repository/org/eclipse/jetty/jetty-io/9.4.8.v20180619/jetty-io-9.4.8.v20180619.jar:/Users/priyankachaturvedi/.m2/repository/org/eclipse/jetty/jetty-util/9.4.8.v20180619/jetty-util-9.4.8.v20180619.jar:/Users/priyankachaturvedi/.m2/repository/org/eclipse/jetty/jetty-xml/9.4.8.v20180619/jetty-xml-9.4.8.v20180619.jar:/Users/priyankachaturvedi/.m2/repository/com/squareup/okhttp3/okhttp/3.10.0/okhttp-3.10.0.jar:/Users/priyankachaturvedi/.m2/repository/com/squareup/okio/okio/1.14.1/okio-1.14.1.jar:/Users/priyankachaturvedi/.m2/repository/org/seleniumhq/selenium/htmlunit-driver/2.30.0/htmlunit-driver-2.30.0.jar:/Users/priyankachaturvedi/.m2/repository/javax/servlet/javax.servlet-api/3.1.0/javax.servlet-api-3.1.0.jar:/Users/priyankachaturvedi/.m2/repository/org/eclipse/jetty/websocket/websocket-api/9.4.8.v20180619/websocket-api-9.4.8.v20180619.jar:/Users/priyankachaturvedi/.m2/repository/org/eclipse/jetty/websocket/websocket-client/9.4.8.v20180619/websocket-client-9.4.8.v20180619.jar:/Users/priyankachaturvedi/.m2/repository/org/eclipse/jetty/websocket/websocket-common/9.4.8.v20180619/websocket-common-9.4.8.v20180619.jar:/Users/priyankachaturvedi/.m2/repository/xalan/serializer/2.7.2/serializer-2.7.2.jar:/Users/priyankachaturvedi/.m2/repository/xalan/xalan/2.7.2/xalan-2.7.2.jar:/Users/priyankachaturvedi/.m2/repository/xerces/xercesImpl/2.11.0/xercesImpl-2.11.0.jar:/Users/priyankachaturvedi/.m2/repository/xml-apis/xml-apis/1.4.01/xml-apis-1.4.01.jar:/Users/priyankachaturvedi/.m2/repository/org/yaml/snakeyaml/1.19/snakeyaml-1.19.jar:/Users/priyankachaturvedi/.m2/repository/org/seleniumhq/selenium/selenium-chrome-driver/3.14.0/selenium-chrome-driver-3.14.0.jar:/Users/priyankachaturvedi/.m2/repository/org/seleniumhq/webdriver/webdriver-firefox/0.9.7376/webdriver-firefox-0.9.7376.jar:/Users/priyankachaturvedi/.m2/repository/org/seleniumhq/webdriver/webdriver-common/0.9.7376/webdriver-common-0.9.7376.jar:/Users/priyankachaturvedi/.m2/repository/org/json/json/20080701/json-20080701.jar:/Users/priyankachaturvedi/.m2/repository/org/testng/testng/6.8/testng-6.8.jar:/Users/priyankachaturvedi/.m2/repository/org/beanshell/bsh/2.0b4/bsh-2.0b4.jar:/Users/priyankachaturvedi/.m2/repository/com/sikulix/sikulixapi/1.1.0/sikulixapi-1.1.0.jar:/Users/priyankachaturvedi/.m2/repository/commons-cli/commons-cli/1.2/commons-cli-1.2.jar:/Users/priyankachaturvedi/.m2/repository/com/melloware/jintellitype/1.3.7/jintellitype-1.3.7.jar:/Users/priyankachaturvedi/.m2/repository/jxgrabkey/jxgrabkey/1.0/jxgrabkey-1.0.jar:/Users/priyankachaturvedi/.m2/repository/org/swinglabs/swing-layout/1.0.3/swing-layout-1.0.3.jar:/Users/priyankachaturvedi/.m2/repository/com/nativelibs4java/bridj/0.6.2/bridj-0.6.2.jar:/Users/priyankachaturvedi/.m2/repository/com/sikulix/sikulixlibsmac/1.1.0/sikulixlibsmac-1.1.0.jar:/Users/priyankachaturvedi/.m2/repository/log4j/log4j/1.2.17/log4j-1.2.17.jar:/Users/priyankachaturvedi/.m2/repository/com/google/code/gson/gson/2.8.5/gson-2.8.5.jar:/Users/priyankachaturvedi/.m2/repository/junit/junit/3.8.1/junit-3.8.1.jar:"/>
    <property name="java.vm.vendor" value="Oracle Corporation"/>
    <property name="sun.arch.data.model" value="64"/>
    <property name="java.vendor.url" value="https://java.oracle.com/"/>
    <property name="os.name" value="Mac OS X"/>
    <property name="java.vm.specification.version" value="12"/>
    <property name="sun.java.launcher" value="SUN_STANDARD"/>
    <property name="user.country" value="GB"/>
    <property name="sun.boot.library.path" value="/Library/Java/JavaVirtualMachines/jdk-12.0.1.jdk/Contents/Home/lib"/>
    <property name="sun.java.command" value="/Users/priyankachaturvedi/eclipse-workspace/testworkspace/BizongoTestAutomation/target/surefire/surefirebooter17324020108838116753.jar /Users/priyankachaturvedi/eclipse-workspace/testworkspace/BizongoTestAutomation/target/surefire 2019-05-19T22-17-22_487-jvmRun1 surefire9505594460459638957tmp surefire_012974055465242458889tmp"/>
    <property name="http.nonProxyHosts" value="local|*.local|169.254/16|*.169.254/16"/>
    <property name="jdk.debug" value="release"/>
    <property name="surefire.test.class.path" value="/Users/priyankachaturvedi/eclipse-workspace/testworkspace/BizongoTestAutomation/target/test-classes:/Users/priyankachaturvedi/eclipse-workspace/testworkspace/BizongoTestAutomation/target/classes:/Users/priyankachaturvedi/.m2/repository/org/seleniumhq/selenium/selenium-server/3.14.0/selenium-server-3.14.0.jar:/Users/priyankachaturvedi/.m2/repository/org/seleniumhq/selenium/selenium-java/3.14.0/selenium-java-3.14.0.jar:/Users/priyankachaturvedi/.m2/repository/org/seleniumhq/selenium/selenium-api/3.14.0/selenium-api-3.14.0.jar:/Users/priyankachaturvedi/.m2/repository/org/seleniumhq/selenium/selenium-edge-driver/3.14.0/selenium-edge-driver-3.14.0.jar:/Users/priyankachaturvedi/.m2/repository/org/seleniumhq/selenium/selenium-firefox-driver/3.14.0/selenium-firefox-driver-3.14.0.jar:/Users/priyankachaturvedi/.m2/repository/org/seleniumhq/selenium/selenium-ie-driver/3.14.0/selenium-ie-driver-3.14.0.jar:/Users/priyankachaturvedi/.m2/repository/org/seleniumhq/selenium/selenium-opera-driver/3.14.0/selenium-opera-driver-3.14.0.jar:/Users/priyankachaturvedi/.m2/repository/org/seleniumhq/selenium/selenium-remote-driver/3.14.0/selenium-remote-driver-3.14.0.jar:/Users/priyankachaturvedi/.m2/repository/org/seleniumhq/selenium/selenium-safari-driver/3.14.0/selenium-safari-driver-3.14.0.jar:/Users/priyankachaturvedi/.m2/repository/org/seleniumhq/selenium/selenium-support/3.14.0/selenium-support-3.14.0.jar:/Users/priyankachaturvedi/.m2/repository/com/beust/jcommander/1.72/jcommander-1.72.jar:/Users/priyankachaturvedi/.m2/repository/net/bytebuddy/byte-buddy/1.8.15/byte-buddy-1.8.15.jar:/Users/priyankachaturvedi/.m2/repository/org/apache/commons/commons-exec/1.3/commons-exec-1.3.jar:/Users/priyankachaturvedi/.m2/repository/org/apache/commons/commons-lang3/3.7/commons-lang3-3.7.jar:/Users/priyankachaturvedi/.m2/repository/org/apache/commons/commons-text/1.1/commons-text-1.1.jar:/Users/priyankachaturvedi/.m2/repository/commons-codec/commons-codec/1.10/commons-codec-1.10.jar:/Users/priyankachaturvedi/.m2/repository/commons-io/commons-io/2.6/commons-io-2.6.jar:/Users/priyankachaturvedi/.m2/repository/commons-logging/commons-logging/1.2/commons-logging-1.2.jar:/Users/priyankachaturvedi/.m2/repository/commons-net/commons-net/3.6/commons-net-3.6.jar:/Users/priyankachaturvedi/.m2/repository/com/google/guava/guava/25.0-jre/guava-25.0-jre.jar:/Users/priyankachaturvedi/.m2/repository/com/google/code/findbugs/jsr305/1.3.9/jsr305-1.3.9.jar:/Users/priyankachaturvedi/.m2/repository/org/checkerframework/checker-compat-qual/2.0.0/checker-compat-qual-2.0.0.jar:/Users/priyankachaturvedi/.m2/repository/com/google/errorprone/error_prone_annotations/2.1.3/error_prone_annotations-2.1.3.jar:/Users/priyankachaturvedi/.m2/repository/com/google/j2objc/j2objc-annotations/1.1/j2objc-annotations-1.1.jar:/Users/priyankachaturvedi/.m2/repository/org/codehaus/mojo/animal-sniffer-annotations/1.14/animal-sniffer-annotations-1.14.jar:/Users/priyankachaturvedi/.m2/repository/net/sourceforge/htmlunit/htmlunit/2.30/htmlunit-2.30.jar:/Users/priyankachaturvedi/.m2/repository/net/sourceforge/htmlunit/htmlunit-core-js/2.28/htmlunit-core-js-2.28.jar:/Users/priyankachaturvedi/.m2/repository/net/sourceforge/htmlunit/htmlunit-cssparser/1.0.0/htmlunit-cssparser-1.0.0.jar:/Users/priyankachaturvedi/.m2/repository/net/sourceforge/htmlunit/neko-htmlunit/2.30/neko-htmlunit-2.30.jar:/Users/priyankachaturvedi/.m2/repository/org/apache/httpcomponents/httpclient/4.5.5/httpclient-4.5.5.jar:/Users/priyankachaturvedi/.m2/repository/org/apache/httpcomponents/httpcore/4.4.9/httpcore-4.4.9.jar:/Users/priyankachaturvedi/.m2/repository/org/apache/httpcomponents/httpmime/4.5.5/httpmime-4.5.5.jar:/Users/priyankachaturvedi/.m2/repository/net/jcip/jcip-annotations/1.0/jcip-annotations-1.0.jar:/Users/priyankachaturvedi/.m2/repository/org/seleniumhq/selenium/jetty-repacked/9.4.8.v20180619/jetty-repacked-9.4.8.v20180619.jar:/Users/priyankachaturvedi/.m2/repository/org/eclipse/jetty/jetty-client/9.4.8.v20180619/jetty-client-9.4.8.v20180619.jar:/Users/priyankachaturvedi/.m2/repository/org/eclipse/jetty/jetty-http/9.4.8.v20180619/jetty-http-9.4.8.v20180619.jar:/Users/priyankachaturvedi/.m2/repository/org/eclipse/jetty/jetty-io/9.4.8.v20180619/jetty-io-9.4.8.v20180619.jar:/Users/priyankachaturvedi/.m2/repository/org/eclipse/jetty/jetty-util/9.4.8.v20180619/jetty-util-9.4.8.v20180619.jar:/Users/priyankachaturvedi/.m2/repository/org/eclipse/jetty/jetty-xml/9.4.8.v20180619/jetty-xml-9.4.8.v20180619.jar:/Users/priyankachaturvedi/.m2/repository/com/squareup/okhttp3/okhttp/3.10.0/okhttp-3.10.0.jar:/Users/priyankachaturvedi/.m2/repository/com/squareup/okio/okio/1.14.1/okio-1.14.1.jar:/Users/priyankachaturvedi/.m2/repository/org/seleniumhq/selenium/htmlunit-driver/2.30.0/htmlunit-driver-2.30.0.jar:/Users/priyankachaturvedi/.m2/repository/javax/servlet/javax.servlet-api/3.1.0/javax.servlet-api-3.1.0.jar:/Users/priyankachaturvedi/.m2/repository/org/eclipse/jetty/websocket/websocket-api/9.4.8.v20180619/websocket-api-9.4.8.v20180619.jar:/Users/priyankachaturvedi/.m2/repository/org/eclipse/jetty/websocket/websocket-client/9.4.8.v20180619/websocket-client-9.4.8.v20180619.jar:/Users/priyankachaturvedi/.m2/repository/org/eclipse/jetty/websocket/websocket-common/9.4.8.v20180619/websocket-common-9.4.8.v20180619.jar:/Users/priyankachaturvedi/.m2/repository/xalan/serializer/2.7.2/serializer-2.7.2.jar:/Users/priyankachaturvedi/.m2/repository/xalan/xalan/2.7.2/xalan-2.7.2.jar:/Users/priyankachaturvedi/.m2/repository/xerces/xercesImpl/2.11.0/xercesImpl-2.11.0.jar:/Users/priyankachaturvedi/.m2/repository/xml-apis/xml-apis/1.4.01/xml-apis-1.4.01.jar:/Users/priyankachaturvedi/.m2/repository/org/yaml/snakeyaml/1.19/snakeyaml-1.19.jar:/Users/priyankachaturvedi/.m2/repository/org/seleniumhq/selenium/selenium-chrome-driver/3.14.0/selenium-chrome-driver-3.14.0.jar:/Users/priyankachaturvedi/.m2/repository/org/seleniumhq/webdriver/webdriver-firefox/0.9.7376/webdriver-firefox-0.9.7376.jar:/Users/priyankachaturvedi/.m2/repository/org/seleniumhq/webdriver/webdriver-common/0.9.7376/webdriver-common-0.9.7376.jar:/Users/priyankachaturvedi/.m2/repository/org/json/json/20080701/json-20080701.jar:/Users/priyankachaturvedi/.m2/repository/org/testng/testng/6.8/testng-6.8.jar:/Users/priyankachaturvedi/.m2/repository/org/beanshell/bsh/2.0b4/bsh-2.0b4.jar:/Users/priyankachaturvedi/.m2/repository/com/sikulix/sikulixapi/1.1.0/sikulixapi-1.1.0.jar:/Users/priyankachaturvedi/.m2/repository/commons-cli/commons-cli/1.2/commons-cli-1.2.jar:/Users/priyankachaturvedi/.m2/repository/com/melloware/jintellitype/1.3.7/jintellitype-1.3.7.jar:/Users/priyankachaturvedi/.m2/repository/jxgrabkey/jxgrabkey/1.0/jxgrabkey-1.0.jar:/Users/priyankachaturvedi/.m2/repository/org/swinglabs/swing-layout/1.0.3/swing-layout-1.0.3.jar:/Users/priyankachaturvedi/.m2/repository/com/nativelibs4java/bridj/0.6.2/bridj-0.6.2.jar:/Users/priyankachaturvedi/.m2/repository/com/sikulix/sikulixlibsmac/1.1.0/sikulixlibsmac-1.1.0.jar:/Users/priyankachaturvedi/.m2/repository/log4j/log4j/1.2.17/log4j-1.2.17.jar:/Users/priyankachaturvedi/.m2/repository/com/google/code/gson/gson/2.8.5/gson-2.8.5.jar:/Users/priyankachaturvedi/.m2/repository/junit/junit/3.8.1/junit-3.8.1.jar:"/>
    <property name="sun.cpu.endian" value="little"/>
    <property name="user.home" value="/Users/priyankachaturvedi"/>
    <property name="user.language" value="en"/>
    <property name="java.specification.vendor" value="Oracle Corporation"/>
    <property name="java.version.date" value="2019-04-16"/>
    <property name="java.home" value="/Library/Java/JavaVirtualMachines/jdk-12.0.1.jdk/Contents/Home"/>
    <property name="file.separator" value="/"/>
    <property name="basedir" value="/Users/priyankachaturvedi/eclipse-workspace/testworkspace/BizongoTestAutomation"/>
    <property name="java.vm.compressedOopsMode" value="Zero based"/>
    <property name="line.separator" value="&#10;"/>
    <property name="java.vm.specification.vendor" value="Oracle Corporation"/>
    <property name="java.specification.name" value="Java Platform API Specification"/>
    <property name="java.awt.graphicsenv" value="sun.awt.CGraphicsEnvironment"/>
    <property name="surefire.real.class.path" value="/Users/priyankachaturvedi/eclipse-workspace/testworkspace/BizongoTestAutomation/target/surefire/surefirebooter17324020108838116753.jar"/>
    <property name="sun.management.compiler" value="HotSpot 64-Bit Tiered Compilers"/>
    <property name="ftp.nonProxyHosts" value="local|*.local|169.254/16|*.169.254/16"/>
    <property name="java.runtime.version" value="12.0.1+12"/>
    <property name="user.name" value="priyankachaturvedi"/>
    <property name="path.separator" value=":"/>
    <property name="os.version" value="10.14.4"/>
    <property name="java.runtime.name" value="Java(TM) SE Runtime Environment"/>
    <property name="file.encoding" value="UTF-8"/>
    <property name="java.vm.name" value="Java HotSpot(TM) 64-Bit Server VM"/>
    <property name="localRepository" value="/Users/priyankachaturvedi/.m2/repository"/>
    <property name="java.vendor.url.bug" value="https://bugreport.java.com/bugreport/"/>
    <property name="java.io.tmpdir" value="/var/folders/1k/0wss2pzj6x91zp8s8qt4lgsm0000gn/T/"/>
    <property name="java.version" value="12.0.1"/>
    <property name="user.dir" value="/Users/priyankachaturvedi/eclipse-workspace/testworkspace/BizongoTestAutomation"/>
    <property name="os.arch" value="x86_64"/>
    <property name="java.vm.specification.name" value="Java Virtual Machine Specification"/>
    <property name="url" value="https://www.redbus.in"/>
    <property name="java.library.path" value="/Users/priyankachaturvedi/Library/Java/Extensions:/Library/Java/Extensions:/Network/Library/Java/Extensions:/System/Library/Java/Extensions:/usr/lib/java:."/>
    <property name="java.vm.info" value="mixed mode, sharing"/>
    <property name="java.vendor" value="Oracle Corporation"/>
    <property name="java.vm.version" value="12.0.1+12"/>
    <property name="propertyName" value="http://maven.apache.org"/>
    <property name="sun.io.unicode.encoding" value="UnicodeBig"/>
    <property name="socksNonProxyHosts" value="local|*.local|169.254/16|*.169.254/16"/>
    <property name="java.class.version" value="56.0"/>
  </properties>
  <testcase name="searchBus" classname="com.core.framework.tests.BusBookingTest" time="3.355"/>
  <testcase name="advanceSearch" classname="com.core.framework.tests.BusBookingTest" time="1.684"/>
  <testcase name="selectSeatAndBook" classname="com.core.framework.tests.BusBookingTest" time="0.177"/>
  <testcase name="verifyClickHotelLink" classname="com.core.framework.tests.HotelBookingTest" time="4.749"/>
  <testcase name="searchandVerifyHotelByLocation" classname="com.core.framework.tests.HotelBookingTest" time="10.327"/>
</testsuite>