<?xml version="1.0" encoding="UTF-8"?>
<!-- Generated by org.testng.reporters.JUnitReportReporter -->
<testsuite hostname="Priyankas-MacBook-Pro.local" failures="0" tests="3" name="com.core.framework.tests.BusBookingTest" time="5.217" errors="0" timestamp="19 May 2019 16:47:59 GMT">
  <testcase classname="com.core.framework.tests.BusBookingTest" name="searchBus" time="3.354"/>
  <testcase classname="com.core.framework.tests.BusBookingTest" name="selectSeatAndBook" time="0.177"/>
  <testcase classname="com.core.framework.tests.BusBookingTest" name="advanceSearch" time="1.686"/>
</testsuite> <!-- com.core.framework.tests.BusBookingTest -->
