<?xml version="1.0" encoding="UTF-8"?>
<!-- Generated by org.testng.reporters.JUnitReportReporter -->
<testsuite hostname="Priyankas-MacBook-Pro.local" failures="0" tests="2" name="com.core.framework.tests.HotelBookingTest" time="15.076" errors="0" timestamp="19 May 2019 16:47:59 GMT">
  <testcase classname="com.core.framework.tests.HotelBookingTest" name="verifyClickHotelLink" time="4.749"/>
  <testcase classname="com.core.framework.tests.HotelBookingTest" name="searchandVerifyHotelByLocation" time="10.327"/>
</testsuite> <!-- com.core.framework.tests.HotelBookingTest -->
